Using pre-set license
Built from '2020.3/staging' branch; Version is '2020.3.9f1 (108be757e447) revision 1084391'; Using compiler version '192528614'; Build Type 'Release'
OS: 'Windows 10 Home; OS build 19042.985; Version 2009; 64bit' Language: 'ru' Physical Memory: 5579 MB
BatchMode: 1, IsHumanControllingUs: 0, StartBugReporterOnCrash: 0, Is64bit: 1, IsPro: 0

 COMMAND LINE ARGUMENTS:
C:\Program Files\Unity\Hub\Editor\2020.3.9f1\Editor\Unity.exe
-adb2
-batchMode
-noUpm
-name
AssetImportWorker0
-projectPath
D:/UnityProjects/2DProjects/2D Prototype
-logFile
Logs/AssetImportWorker0.log
-srvPort
52514
Successfully changed project path to: D:/UnityProjects/2DProjects/2D Prototype
D:/UnityProjects/2DProjects/2D Prototype
Using Asset Import Pipeline V2.
Refreshing native plugins compatible for Editor in 56.81 ms, found 1 plugins.
Preloading 0 native plugins for Editor in 0.00 ms.
Initialize engine version: 2020.3.9f1 (108be757e447)
[Subsystems] Discovering subsystems at path C:/Program Files/Unity/Hub/Editor/2020.3.9f1/Editor/Data/Resources/UnitySubsystems
[Subsystems] Discovering subsystems at path D:/UnityProjects/2DProjects/2D Prototype/Assets
GfxDevice: creating device client; threaded=0
Direct3D:
    Version:  Direct3D 11.0 [level 11.0]
    Renderer: NVIDIA GeForce 820M (ID=0x1140)
    Vendor:   
    VRAM:     2000 MB
    Driver:   23.21.13.8873
Initialize mono
Mono path[0] = 'C:/Program Files/Unity/Hub/Editor/2020.3.9f1/Editor/Data/Managed'
Mono path[1] = 'C:/Program Files/Unity/Hub/Editor/2020.3.9f1/Editor/Data/MonoBleedingEdge/lib/mono/unityjit'
Mono config path = 'C:/Program Files/Unity/Hub/Editor/2020.3.9f1/Editor/Data/MonoBleedingEdge/etc'
Using monoOptions --debugger-agent=transport=dt_socket,embedding=1,server=y,suspend=n,address=127.0.0.1:56984
Begin MonoManager ReloadAssembly
Registering precompiled unity dll's ...
Register platform support module: C:/Program Files/Unity/Hub/Editor/2020.3.9f1/Editor/Data/PlaybackEngines/WebGLSupport/UnityEditor.WebGL.Extensions.dll
Register platform support module: C:/Program Files/Unity/Hub/Editor/2020.3.9f1/Editor/Data/PlaybackEngines/WindowsStandaloneSupport/UnityEditor.WindowsStandalone.Extensions.dll
Registered in 0.003471 seconds.
Native extension for WindowsStandalone target not found
Native extension for WebGL target not found
Refreshing native plugins compatible for Editor in 63.04 ms, found 1 plugins.
Preloading 0 native plugins for Editor in 0.00 ms.
Mono: successfully reloaded assembly
- Completed reload, in  3.237 seconds
Platform modules already initialized, skipping
Registering precompiled user dll's ...
Registered in 0.001056 seconds.
Begin MonoManager ReloadAssembly
Native extension for WindowsStandalone target not found
Native extension for WebGL target not found
Refreshing native plugins compatible for Editor in 62.08 ms, found 1 plugins.
Preloading 0 native plugins for Editor in 0.00 ms.
Mono: successfully reloaded assembly
- Completed reload, in  1.542 seconds
Platform modules already initialized, skipping
========================================================================
Worker process is ready to serve import requests
Launched and connected shader compiler UnityShaderCompiler.exe after 0.44 seconds
Refreshing native plugins compatible for Editor in 0.49 ms, found 1 plugins.
Preloading 0 native plugins for Editor in 0.00 ms.
Unloading 1809 Unused Serialized files (Serialized files now loaded: 0)
System memory in use before: 85.2 MB.
System memory in use after: 85.1 MB.

Unloading 24 unused Assets to reduce memory usage. Loaded Objects now: 2251.
Total: 3.531700 ms (FindLiveObjects: 0.288400 ms CreateObjectMapping: 0.182200 ms MarkObjects: 2.852900 ms  DeleteObjects: 0.206900 ms)

========================================================================
Received Import Request.
  path: Assets/PlayerController.cs
  artifactKey: Guid(8942a171d6ee3ed46a74cf8319256d47) Importer(815301076,1909f56bfc062723c751e8b465ee728b)
Start importing Assets/PlayerController.cs using Guid(8942a171d6ee3ed46a74cf8319256d47) Importer(815301076,1909f56bfc062723c751e8b465ee728b)  -> (artifact id: '4f7e396e2efdb71277b5fe2c447b4fe7') in 0.644632 seconds
  Import took 0.731703 seconds .

========================================================================
Received Prepare
Registering precompiled user dll's ...
Registered in 0.001125 seconds.
Begin MonoManager ReloadAssembly
Native extension for WindowsStandalone target not found
Native extension for WebGL target not found
Refreshing native plugins compatible for Editor in 2.06 ms, found 1 plugins.
Preloading 0 native plugins for Editor in 0.00 ms.
Mono: successfully reloaded assembly
- Completed reload, in  2.809 seconds
Platform modules already initialized, skipping
Refreshing native plugins compatible for Editor in 0.55 ms, found 1 plugins.
Preloading 0 native plugins for Editor in 0.00 ms.
Unloading 1804 Unused Serialized files (Serialized files now loaded: 0)
System memory in use before: 85.1 MB.
System memory in use after: 85.1 MB.

Unloading 12 unused Assets to reduce memory usage. Loaded Objects now: 2255.
Total: 3.517800 ms (FindLiveObjects: 0.286900 ms CreateObjectMapping: 0.176200 ms MarkObjects: 2.896100 ms  DeleteObjects: 0.157100 ms)

========================================================================
Received Import Request.
  Time since last request: 195.322115 seconds.
  path: Assets/Knight_Run.anim
  artifactKey: Guid(ab6f2f5fe43f8c0448c3e2d0e2f36e43) Importer(815301076,1909f56bfc062723c751e8b465ee728b)
Start importing Assets/Knight_Run.anim using Guid(ab6f2f5fe43f8c0448c3e2d0e2f36e43) Importer(815301076,1909f56bfc062723c751e8b465ee728b)  -> (artifact id: 'd7698b2227549753da568eed9ca63987') in 0.198108 seconds
  Import took 0.897954 seconds .

========================================================================
Received Import Request.
  Time since last request: 1.989557 seconds.
  path: Assets/Knight_Run.anim
  artifactKey: Guid(ab6f2f5fe43f8c0448c3e2d0e2f36e43) Importer(815301076,1909f56bfc062723c751e8b465ee728b)
Start importing Assets/Knight_Run.anim using Guid(ab6f2f5fe43f8c0448c3e2d0e2f36e43) Importer(815301076,1909f56bfc062723c751e8b465ee728b)  -> (artifact id: 'd7698b2227549753da568eed9ca63987') in 0.008654 seconds
  Import took 0.110866 seconds .

========================================================================
Received Import Request.
  Time since last request: 0.975733 seconds.
  path: Assets/New Palette.prefab
  artifactKey: Guid(a72f11dbcb4b4b043a41ccc203589e7f) Importer(815301076,1909f56bfc062723c751e8b465ee728b)
Start importing Assets/New Palette.prefab using Guid(a72f11dbcb4b4b043a41ccc203589e7f) Importer(815301076,1909f56bfc062723c751e8b465ee728b)  -> (artifact id: '7166adc18d62bf7cf332624723afa26c') in 0.041065 seconds
  Import took 0.198110 seconds .

========================================================================
Received Import Request.
  Time since last request: 0.555736 seconds.
  path: Assets/New Palette.prefab
  artifactKey: Guid(a72f11dbcb4b4b043a41ccc203589e7f) Importer(815301076,1909f56bfc062723c751e8b465ee728b)
Start importing Assets/New Palette.prefab using Guid(a72f11dbcb4b4b043a41ccc203589e7f) Importer(815301076,1909f56bfc062723c751e8b465ee728b)  -> (artifact id: '7166adc18d62bf7cf332624723afa26c') in 0.007566 seconds
  Import took 0.013234 seconds .

========================================================================
Received Prepare
Registering precompiled user dll's ...
Registered in 0.001070 seconds.
Begin MonoManager ReloadAssembly
Native extension for WindowsStandalone target not found
Native extension for WebGL target not found
Refreshing native plugins compatible for Editor in 0.57 ms, found 1 plugins.
Preloading 0 native plugins for Editor in 0.00 ms.
Mono: successfully reloaded assembly
- Completed reload, in  1.292 seconds
Platform modules already initialized, skipping
Refreshing native plugins compatible for Editor in 0.68 ms, found 1 plugins.
Preloading 0 native plugins for Editor in 0.00 ms.
Unloading 1804 Unused Serialized files (Serialized files now loaded: 0)
System memory in use before: 85.2 MB.
System memory in use after: 85.2 MB.

Unloading 12 unused Assets to reduce memory usage. Loaded Objects now: 2259.
Total: 3.062100 ms (FindLiveObjects: 0.278600 ms CreateObjectMapping: 0.096800 ms MarkObjects: 2.525200 ms  DeleteObjects: 0.159900 ms)

========================================================================
Received Import Request.
  Time since last request: 343.962873 seconds.
  path: Assets/PlayerController.cs
  artifactKey: Guid(8942a171d6ee3ed46a74cf8319256d47) Importer(815301076,1909f56bfc062723c751e8b465ee728b)
Start importing Assets/PlayerController.cs using Guid(8942a171d6ee3ed46a74cf8319256d47) Importer(815301076,1909f56bfc062723c751e8b465ee728b)  -> (artifact id: '079a59af8568aebc08cc7c6e58d9249d') in 0.010278 seconds
  Import took 0.065562 seconds .

========================================================================
Received Import Request.
  Time since last request: 0.021456 seconds.
  path: Assets/PlayerController.cs
  artifactKey: Guid(8942a171d6ee3ed46a74cf8319256d47) Importer(815301076,1909f56bfc062723c751e8b465ee728b)
Start importing Assets/PlayerController.cs using Guid(8942a171d6ee3ed46a74cf8319256d47) Importer(815301076,1909f56bfc062723c751e8b465ee728b)  -> (artifact id: '079a59af8568aebc08cc7c6e58d9249d') in 0.006750 seconds
  Import took 0.012778 seconds .

========================================================================
Received Prepare
Registering precompiled user dll's ...
Registered in 0.001182 seconds.
Begin MonoManager ReloadAssembly
Native extension for WindowsStandalone target not found
Native extension for WebGL target not found
Refreshing native plugins compatible for Editor in 0.50 ms, found 1 plugins.
Preloading 0 native plugins for Editor in 0.00 ms.
Mono: successfully reloaded assembly
- Completed reload, in  1.400 seconds
Platform modules already initialized, skipping
Refreshing native plugins compatible for Editor in 0.50 ms, found 1 plugins.
Preloading 0 native plugins for Editor in 0.00 ms.
Unloading 1804 Unused Serialized files (Serialized files now loaded: 0)
System memory in use before: 85.2 MB.
System memory in use after: 85.2 MB.

Unloading 12 unused Assets to reduce memory usage. Loaded Objects now: 2263.
Total: 3.052600 ms (FindLiveObjects: 0.231900 ms CreateObjectMapping: 0.099000 ms MarkObjects: 2.545100 ms  DeleteObjects: 0.175300 ms)

========================================================================
Received Import Request.
  Time since last request: 116.420347 seconds.
  path: Assets/PlayerController.cs
  artifactKey: Guid(8942a171d6ee3ed46a74cf8319256d47) Importer(815301076,1909f56bfc062723c751e8b465ee728b)
Start importing Assets/PlayerController.cs using Guid(8942a171d6ee3ed46a74cf8319256d47) Importer(815301076,1909f56bfc062723c751e8b465ee728b)  -> (artifact id: 'c0a4078c76d098f5b0cea1a7e3d13eed') in 0.009627 seconds
  Import took 0.029737 seconds .

========================================================================
Received Import Request.
  Time since last request: 0.054000 seconds.
  path: Assets/PlayerController.cs
  artifactKey: Guid(8942a171d6ee3ed46a74cf8319256d47) Importer(815301076,1909f56bfc062723c751e8b465ee728b)
Start importing Assets/PlayerController.cs using Guid(8942a171d6ee3ed46a74cf8319256d47) Importer(815301076,1909f56bfc062723c751e8b465ee728b)  -> (artifact id: 'c0a4078c76d098f5b0cea1a7e3d13eed') in 0.006482 seconds
  Import took 0.012719 seconds .

========================================================================
Received Prepare
Registering precompiled user dll's ...
Registered in 0.001070 seconds.
Begin MonoManager ReloadAssembly
Native extension for WindowsStandalone target not found
Native extension for WebGL target not found
Refreshing native plugins compatible for Editor in 0.47 ms, found 1 plugins.
Preloading 0 native plugins for Editor in 0.00 ms.
Mono: successfully reloaded assembly
- Completed reload, in  1.267 seconds
Platform modules already initialized, skipping
Refreshing native plugins compatible for Editor in 0.49 ms, found 1 plugins.
Preloading 0 native plugins for Editor in 0.00 ms.
Unloading 1804 Unused Serialized files (Serialized files now loaded: 0)
System memory in use before: 85.2 MB.
System memory in use after: 85.2 MB.

Unloading 12 unused Assets to reduce memory usage. Loaded Objects now: 2267.
Total: 3.128200 ms (FindLiveObjects: 0.248700 ms CreateObjectMapping: 0.091300 ms MarkObjects: 2.629500 ms  DeleteObjects: 0.157500 ms)

========================================================================
Received Import Request.
  Time since last request: 112.724596 seconds.
  path: Assets/PlayerController.cs
  artifactKey: Guid(8942a171d6ee3ed46a74cf8319256d47) Importer(815301076,1909f56bfc062723c751e8b465ee728b)
Start importing Assets/PlayerController.cs using Guid(8942a171d6ee3ed46a74cf8319256d47) Importer(815301076,1909f56bfc062723c751e8b465ee728b)  -> (artifact id: '8d53ddb54645f1ec4c8a80ff9b314a3f') in 0.008962 seconds
  Import took 0.031689 seconds .

========================================================================
Received Import Request.
  Time since last request: 0.050872 seconds.
  path: Assets/PlayerController.cs
  artifactKey: Guid(8942a171d6ee3ed46a74cf8319256d47) Importer(815301076,1909f56bfc062723c751e8b465ee728b)
Start importing Assets/PlayerController.cs using Guid(8942a171d6ee3ed46a74cf8319256d47) Importer(815301076,1909f56bfc062723c751e8b465ee728b)  -> (artifact id: '8d53ddb54645f1ec4c8a80ff9b314a3f') in 0.006515 seconds
  Import took 0.012689 seconds .

========================================================================
Received Prepare
Registering precompiled user dll's ...
Registered in 0.001550 seconds.
Begin MonoManager ReloadAssembly
Native extension for WindowsStandalone target not found
Native extension for WebGL target not found
Refreshing native plugins compatible for Editor in 0.54 ms, found 1 plugins.
Preloading 0 native plugins for Editor in 0.00 ms.
Mono: successfully reloaded assembly
- Completed reload, in  1.533 seconds
Platform modules already initialized, skipping
Refreshing native plugins compatible for Editor in 0.53 ms, found 1 plugins.
Preloading 0 native plugins for Editor in 0.00 ms.
Unloading 1804 Unused Serialized files (Serialized files now loaded: 0)
System memory in use before: 85.2 MB.
System memory in use after: 85.2 MB.

Unloading 12 unused Assets to reduce memory usage. Loaded Objects now: 2271.
Total: 2.870100 ms (FindLiveObjects: 0.260300 ms CreateObjectMapping: 0.102300 ms MarkObjects: 2.338700 ms  DeleteObjects: 0.166900 ms)

========================================================================
Received Prepare
Registering precompiled user dll's ...
Registered in 0.001183 seconds.
Begin MonoManager ReloadAssembly
Native extension for WindowsStandalone target not found
Native extension for WebGL target not found
Refreshing native plugins compatible for Editor in 0.79 ms, found 1 plugins.
Preloading 0 native plugins for Editor in 0.00 ms.
Mono: successfully reloaded assembly
- Completed reload, in  1.499 seconds
Platform modules already initialized, skipping
Refreshing native plugins compatible for Editor in 0.82 ms, found 1 plugins.
Preloading 0 native plugins for Editor in 0.00 ms.
Unloading 1804 Unused Serialized files (Serialized files now loaded: 0)
System memory in use before: 85.3 MB.
System memory in use after: 85.2 MB.

Unloading 12 unused Assets to reduce memory usage. Loaded Objects now: 2275.
Total: 3.295400 ms (FindLiveObjects: 0.240600 ms CreateObjectMapping: 0.102500 ms MarkObjects: 2.784000 ms  DeleteObjects: 0.166700 ms)

========================================================================
Received Prepare
Registering precompiled user dll's ...
Registered in 0.026912 seconds.
Begin MonoManager ReloadAssembly
Native extension for WindowsStandalone target not found
Native extension for WebGL target not found
Refreshing native plugins compatible for Editor in 0.49 ms, found 1 plugins.
Preloading 0 native plugins for Editor in 0.00 ms.
Mono: successfully reloaded assembly
- Completed reload, in  1.915 seconds
Platform modules already initialized, skipping
Refreshing native plugins compatible for Editor in 0.52 ms, found 1 plugins.
Preloading 0 native plugins for Editor in 0.00 ms.
Unloading 1804 Unused Serialized files (Serialized files now loaded: 0)
System memory in use before: 85.3 MB.
System memory in use after: 85.2 MB.

Unloading 12 unused Assets to reduce memory usage. Loaded Objects now: 2279.
Total: 3.103800 ms (FindLiveObjects: 0.202400 ms CreateObjectMapping: 0.091900 ms MarkObjects: 2.624100 ms  DeleteObjects: 0.165200 ms)

========================================================================
Received Import Request.
  Time since last request: 363.950743 seconds.
  path: Assets/PlayerController.cs
  artifactKey: Guid(8942a171d6ee3ed46a74cf8319256d47) Importer(815301076,1909f56bfc062723c751e8b465ee728b)
Start importing Assets/PlayerController.cs using Guid(8942a171d6ee3ed46a74cf8319256d47) Importer(815301076,1909f56bfc062723c751e8b465ee728b)  -> (artifact id: 'af0f2b00ed1e91693c5b57ad3d256067') in 0.013846 seconds
  Import took 0.055679 seconds .

========================================================================
Received Import Request.
  Time since last request: 18.911531 seconds.
  path: Assets/Knight_idle_01.controller
  artifactKey: Guid(771a5aa010d173349bc4753266d1974d) Importer(815301076,1909f56bfc062723c751e8b465ee728b)
Start importing Assets/Knight_idle_01.controller using Guid(771a5aa010d173349bc4753266d1974d) Importer(815301076,1909f56bfc062723c751e8b465ee728b)  -> (artifact id: 'f1c22089d5f48d5aaef6a4624777d164') in 0.234325 seconds
  Import took 0.285446 seconds .

========================================================================
Received Prepare
Registering precompiled user dll's ...
Registered in 0.001617 seconds.
Begin MonoManager ReloadAssembly
Native extension for WindowsStandalone target not found
Native extension for WebGL target not found
Refreshing native plugins compatible for Editor in 0.56 ms, found 1 plugins.
Preloading 0 native plugins for Editor in 0.00 ms.
Mono: successfully reloaded assembly
- Completed reload, in  1.451 seconds
Platform modules already initialized, skipping
Refreshing native plugins compatible for Editor in 0.47 ms, found 1 plugins.
Preloading 0 native plugins for Editor in 0.00 ms.
Unloading 1804 Unused Serialized files (Serialized files now loaded: 0)
System memory in use before: 85.3 MB.
System memory in use after: 85.3 MB.

Unloading 12 unused Assets to reduce memory usage. Loaded Objects now: 2283.
Total: 3.034300 ms (FindLiveObjects: 0.281100 ms CreateObjectMapping: 0.275700 ms MarkObjects: 2.314700 ms  DeleteObjects: 0.161400 ms)

========================================================================
Received Prepare
Registering precompiled user dll's ...
Registered in 0.001551 seconds.
Begin MonoManager ReloadAssembly
Native extension for WindowsStandalone target not found
Native extension for WebGL target not found
Refreshing native plugins compatible for Editor in 0.49 ms, found 1 plugins.
Preloading 0 native plugins for Editor in 0.00 ms.
Mono: successfully reloaded assembly
- Completed reload, in  1.536 seconds
Platform modules already initialized, skipping
Refreshing native plugins compatible for Editor in 0.60 ms, found 1 plugins.
Preloading 0 native plugins for Editor in 0.00 ms.
Unloading 1804 Unused Serialized files (Serialized files now loaded: 0)
System memory in use before: 85.3 MB.
System memory in use after: 85.3 MB.

Unloading 12 unused Assets to reduce memory usage. Loaded Objects now: 2287.
Total: 3.312100 ms (FindLiveObjects: 0.281300 ms CreateObjectMapping: 0.175400 ms MarkObjects: 2.699100 ms  DeleteObjects: 0.154900 ms)

========================================================================
Received Prepare
Registering precompiled user dll's ...
Registered in 0.001229 seconds.
Begin MonoManager ReloadAssembly
Native extension for WindowsStandalone target not found
Native extension for WebGL target not found
Refreshing native plugins compatible for Editor in 0.49 ms, found 1 plugins.
Preloading 0 native plugins for Editor in 0.00 ms.
Mono: successfully reloaded assembly
- Completed reload, in  1.300 seconds
Platform modules already initialized, skipping
Refreshing native plugins compatible for Editor in 0.51 ms, found 1 plugins.
Preloading 0 native plugins for Editor in 0.00 ms.
Unloading 1804 Unused Serialized files (Serialized files now loaded: 0)
System memory in use before: 85.3 MB.
System memory in use after: 85.3 MB.

Unloading 12 unused Assets to reduce memory usage. Loaded Objects now: 2291.
Total: 3.477900 ms (FindLiveObjects: 0.302400 ms CreateObjectMapping: 0.188500 ms MarkObjects: 2.827200 ms  DeleteObjects: 0.158500 ms)

